  Cordle.c
C:\Program Files (x86)\Microsoft Visual Studio\2019\Community\VC\Tools\MSVC\14.29.30133\include\cstdlib(23,62): error C2061: syntax error: identifier 'noexcept'
C:\Program Files (x86)\Microsoft Visual Studio\2019\Community\VC\Tools\MSVC\14.29.30133\include\cstdlib(23,62): error C2059: syntax error: ';'
C:\Program Files (x86)\Microsoft Visual Studio\2019\Community\VC\Tools\MSVC\14.29.30133\include\cstdlib(23,90): error C2449: found '{' at file scope (missing function header?)
C:\Program Files (x86)\Microsoft Visual Studio\2019\Community\VC\Tools\MSVC\14.29.30133\include\cstdlib(25,1): error C2059: syntax error: '}'
C:\Program Files (x86)\Microsoft Visual Studio\2019\Community\VC\Tools\MSVC\14.29.30133\include\cstdlib(31,72): error C2061: syntax error: identifier 'noexcept'
C:\Program Files (x86)\Microsoft Visual Studio\2019\Community\VC\Tools\MSVC\14.29.30133\include\cstdlib(31,72): error C2059: syntax error: ';'
C:\Program Files (x86)\Microsoft Visual Studio\2019\Community\VC\Tools\MSVC\14.29.30133\include\cstdlib(31,100): error C2449: found '{' at file scope (missing function header?)
C:\Program Files (x86)\Microsoft Visual Studio\2019\Community\VC\Tools\MSVC\14.29.30133\include\cstdlib(33,1): error C2059: syntax error: '}'
C:\Program Files (x86)\Microsoft Visual Studio\2019\Community\VC\Tools\MSVC\14.29.30133\include\xtr1common(19,1): error C2061: syntax error: identifier 'std'
C:\Program Files (x86)\Microsoft Visual Studio\2019\Community\VC\Tools\MSVC\14.29.30133\include\xtr1common(19,1): error C2059: syntax error: ';'
C:\Program Files (x86)\Microsoft Visual Studio\2019\Community\VC\Tools\MSVC\14.29.30133\include\xtr1common(19,1): error C2449: found '{' at file scope (missing function header?)
C:\Program Files (x86)\Microsoft Visual Studio\2019\Community\VC\Tools\MSVC\14.29.30133\include\xtr1common(251,1): error C2059: syntax error: '}'
C:\Program Files (x86)\Microsoft Visual Studio\2019\Community\VC\Tools\MSVC\14.29.30133\include\iosfwd(178,9): warning C4157: pragma was ignored by C compiler
C:\Program Files (x86)\Microsoft Visual Studio\2019\Community\VC\Tools\MSVC\14.29.30133\include\iosfwd(183,9): warning C4157: pragma was ignored by C compiler
C:\Program Files (x86)\Microsoft Visual Studio\2019\Community\VC\Tools\MSVC\14.29.30133\include\type_traits(334,33): error C4233: nonstandard extension used: '__is_union' keyword only supported in C++, not C
C:\Program Files (x86)\Microsoft Visual Studio\2019\Community\VC\Tools\MSVC\14.29.30133\include\type_traits(337,41): error C4233: nonstandard extension used: '__is_union' keyword only supported in C++, not C
C:\Program Files (x86)\Microsoft Visual Studio\2019\Community\VC\Tools\MSVC\14.29.30133\include\type_traits(341,33): error C4233: nonstandard extension used: '__is_class' keyword only supported in C++, not C
C:\Program Files (x86)\Microsoft Visual Studio\2019\Community\VC\Tools\MSVC\14.29.30133\include\type_traits(344,41): error C4233: nonstandard extension used: '__is_class' keyword only supported in C++, not C
C:\Program Files (x86)\Microsoft Visual Studio\2019\Community\VC\Tools\MSVC\14.29.30133\include\type_traits(355,39): error C4233: nonstandard extension used: '__is_convertible_to' keyword only supported in C++, not C
C:\Program Files (x86)\Microsoft Visual Studio\2019\Community\VC\Tools\MSVC\14.29.30133\include\type_traits(360,47): error C4233: nonstandard extension used: '__is_convertible_to' keyword only supported in C++, not C
C:\Program Files (x86)\Microsoft Visual Studio\2019\Community\VC\Tools\MSVC\14.29.30133\include\type_traits(364,32): error C4233: nonstandard extension used: '__is_enum' keyword only supported in C++, not C
C:\Program Files (x86)\Microsoft Visual Studio\2019\Community\VC\Tools\MSVC\14.29.30133\include\type_traits(367,40): error C4233: nonstandard extension used: '__is_enum' keyword only supported in C++, not C
C:\Program Files (x86)\Microsoft Visual Studio\2019\Community\VC\Tools\MSVC\14.29.30133\include\type_traits(515,55): error C4233: nonstandard extension used: '__is_pod' keyword only supported in C++, not C
C:\Program Files (x86)\Microsoft Visual Studio\2019\Community\VC\Tools\MSVC\14.29.30133\include\type_traits(518,63): error C4233: nonstandard extension used: '__is_pod' keyword only supported in C++, not C
C:\Program Files (x86)\Microsoft Visual Studio\2019\Community\VC\Tools\MSVC\14.29.30133\include\type_traits(522,33): error C4233: nonstandard extension used: '__is_empty' keyword only supported in C++, not C
C:\Program Files (x86)\Microsoft Visual Studio\2019\Community\VC\Tools\MSVC\14.29.30133\include\type_traits(525,41): error C4233: nonstandard extension used: '__is_empty' keyword only supported in C++, not C
C:\Program Files (x86)\Microsoft Visual Studio\2019\Community\VC\Tools\MSVC\14.29.30133\include\type_traits(529,39): error C4233: nonstandard extension used: '__is_polymorphic' keyword only supported in C++, not C
C:\Program Files (x86)\Microsoft Visual Studio\2019\Community\VC\Tools\MSVC\14.29.30133\include\type_traits(532,47): error C4233: nonstandard extension used: '__is_polymorphic' keyword only supported in C++, not C
C:\Program Files (x86)\Microsoft Visual Studio\2019\Community\VC\Tools\MSVC\14.29.30133\include\type_traits(536,36): error C4233: nonstandard extension used: '__is_abstract' keyword only supported in C++, not C
C:\Program Files (x86)\Microsoft Visual Studio\2019\Community\VC\Tools\MSVC\14.29.30133\include\type_traits(539,44): error C4233: nonstandard extension used: '__is_abstract' keyword only supported in C++, not C
C:\Program Files (x86)\Microsoft Visual Studio\2019\Community\VC\Tools\MSVC\14.29.30133\include\type_traits(543,33): error C4233: nonstandard extension used: '__is_final' keyword only supported in C++, not C
C:\Program Files (x86)\Microsoft Visual Studio\2019\Community\VC\Tools\MSVC\14.29.30133\include\type_traits(546,41): error C4233: nonstandard extension used: '__is_final' keyword only supported in C++, not C
C:\Program Files (x86)\Microsoft Visual Studio\2019\Community\VC\Tools\MSVC\14.29.30133\include\type_traits(550,43): error C4233: nonstandard extension used: '__is_standard_layout' keyword only supported in C++, not C
C:\Program Files (x86)\Microsoft Visual Studio\2019\Community\VC\Tools\MSVC\14.29.30133\include\type_traits(553,51): error C4233: nonstandard extension used: '__is_standard_layout' keyword only supported in C++, not C
C:\Program Files (x86)\Microsoft Visual Studio\2019\Community\VC\Tools\MSVC\14.29.30133\include\type_traits(558,73): error C4233: nonstandard extension used: '__is_literal_type' keyword only supported in C++, not C
C:\Program Files (x86)\Microsoft Visual Studio\2019\Community\VC\Tools\MSVC\14.29.30133\include\type_traits(563,81): error C4233: nonstandard extension used: '__is_literal_type' keyword only supported in C++, not C
C:\Program Files (x86)\Microsoft Visual Studio\2019\Community\VC\Tools\MSVC\14.29.30133\include\type_traits(569,35): error C4233: nonstandard extension used: '__is_trivially_constructible' keyword only supported in C++, not C
C:\Program Files (x86)\Microsoft Visual Studio\2019\Community\VC\Tools\MSVC\14.29.30133\include\type_traits(569,72): error C4233: nonstandard extension used: '__is_trivially_copyable' keyword only supported in C++, not C
C:\Program Files (x86)\Microsoft Visual Studio\2019\Community\VC\Tools\MSVC\14.29.30133\include\type_traits(574,43): error C4233: nonstandard extension used: '__is_trivially_constructible' keyword only supported in C++, not C
C:\Program Files (x86)\Microsoft Visual Studio\2019\Community\VC\Tools\MSVC\14.29.30133\include\type_traits(574,80): error C4233: nonstandard extension used: '__is_trivially_copyable' keyword only supported in C++, not C
C:\Program Files (x86)\Microsoft Visual Studio\2019\Community\VC\Tools\MSVC\14.29.30133\include\type_traits(585,46): error C4233: nonstandard extension used: '__is_trivially_copyable' keyword only supported in C++, not C
C:\Program Files (x86)\Microsoft Visual Studio\2019\Community\VC\Tools\MSVC\14.29.30133\include\type_traits(590,54): error C4233: nonstandard extension used: '__is_trivially_copyable' keyword only supported in C++, not C
C:\Program Files (x86)\Microsoft Visual Studio\2019\Community\VC\Tools\MSVC\14.29.30133\include\type_traits(594,47): error C4233: nonstandard extension used: '__has_virtual_destructor' keyword only supported in C++, not C
C:\Program Files (x86)\Microsoft Visual Studio\2019\Community\VC\Tools\MSVC\14.29.30133\include\type_traits(599,55): error C4233: nonstandard extension used: '__has_virtual_destructor' keyword only supported in C++, not C
C:\Program Files (x86)\Microsoft Visual Studio\2019\Community\VC\Tools\MSVC\14.29.30133\include\type_traits(622,41): error C4233: nonstandard extension used: '__is_constructible' keyword only supported in C++, not C
C:\Program Files (x86)\Microsoft Visual Studio\2019\Community\VC\Tools\MSVC\14.29.30133\include\type_traits(627,49): error C4233: nonstandard extension used: '__is_constructible' keyword only supported in C++, not C
C:\Program Files (x86)\Microsoft Visual Studio\2019\Community\VC\Tools\MSVC\14.29.30133\include\type_traits(631,46): error C4233: nonstandard extension used: '__is_constructible' keyword only supported in C++, not C
C:\Program Files (x86)\Microsoft Visual Studio\2019\Community\VC\Tools\MSVC\14.29.30133\include\type_traits(636,54): error C4233: nonstandard extension used: '__is_constructible' keyword only supported in C++, not C
C:\Program Files (x86)\Microsoft Visual Studio\2019\Community\VC\Tools\MSVC\14.29.30133\include\type_traits(640,49): error C4233: nonstandard extension used: '__is_constructible' keyword only supported in C++, not C
C:\Program Files (x86)\Microsoft Visual Studio\2019\Community\VC\Tools\MSVC\14.29.30133\include\type_traits(645,57): error C4233: nonstandard extension used: '__is_constructible' keyword only supported in C++, not C
C:\Program Files (x86)\Microsoft Visual Studio\2019\Community\VC\Tools\MSVC\14.29.30133\include\type_traits(662,46): error C4233: nonstandard extension used: '__is_constructible' keyword only supported in C++, not C
C:\Program Files (x86)\Microsoft Visual Studio\2019\Community\VC\Tools\MSVC\14.29.30133\include\type_traits(667,54): error C4233: nonstandard extension used: '__is_constructible' keyword only supported in C++, not C
C:\Program Files (x86)\Microsoft Visual Studio\2019\Community\VC\Tools\MSVC\14.29.30133\include\type_traits(671,38): error C4233: nonstandard extension used: '__is_assignable' keyword only supported in C++, not C
C:\Program Files (x86)\Microsoft Visual Studio\2019\Community\VC\Tools\MSVC\14.29.30133\include\type_traits(674,46): error C4233: nonstandard extension used: '__is_assignable' keyword only supported in C++, not C
C:\Program Files (x86)\Microsoft Visual Studio\2019\Community\VC\Tools\MSVC\14.29.30133\include\type_traits(679,21): error C4233: nonstandard extension used: '__is_assignable' keyword only supported in C++, not C
C:\Program Files (x86)\Microsoft Visual Studio\2019\Community\VC\Tools\MSVC\14.29.30133\include\type_traits(684,51): error C4233: nonstandard extension used: '__is_assignable' keyword only supported in C++, not C
C:\Program Files (x86)\Microsoft Visual Studio\2019\Community\VC\Tools\MSVC\14.29.30133\include\type_traits(690,21): error C4233: nonstandard extension used: '__is_assignable_no_precondition_check' keyword only supported in C++, not C
C:\Program Files (x86)\Microsoft Visual Studio\2019\Community\VC\Tools\MSVC\14.29.30133\include\type_traits(694,62): error C4233: nonstandard extension used: '__is_assignable_no_precondition_check' keyword only supported in C++, not C
C:\Program Files (x86)\Microsoft Visual Studio\2019\Community\VC\Tools\MSVC\14.29.30133\include\type_traits(706,43): error C4233: nonstandard extension used: '__is_assignable' keyword only supported in C++, not C
C:\Program Files (x86)\Microsoft Visual Studio\2019\Community\VC\Tools\MSVC\14.29.30133\include\type_traits(711,51): error C4233: nonstandard extension used: '__is_assignable' keyword only supported in C++, not C
C:\Program Files (x86)\Microsoft Visual Studio\2019\Community\VC\Tools\MSVC\14.29.30133\include\type_traits(716,21): error C4233: nonstandard extension used: '__is_assignable_no_precondition_check' keyword only supported in C++, not C
C:\Program Files (x86)\Microsoft Visual Studio\2019\Community\VC\Tools\MSVC\14.29.30133\include\type_traits(719,62): error C4233: nonstandard extension used: '__is_assignable_no_precondition_check' keyword only supported in C++, not C
C:\Program Files (x86)\Microsoft Visual Studio\2019\Community\VC\Tools\MSVC\14.29.30133\include\type_traits(731,40): error C4233: nonstandard extension used: '__is_destructible' keyword only supported in C++, not C
C:\Program Files (x86)\Microsoft Visual Studio\2019\Community\VC\Tools\MSVC\14.29.30133\include\type_traits(736,48): error C4233: nonstandard extension used: '__is_destructible' keyword only supported in C++, not C
C:\Program Files (x86)\Microsoft Visual Studio\2019\Community\VC\Tools\MSVC\14.29.30133\include\type_traits(741,51): error C4233: nonstandard extension used: '__is_trivially_constructible' keyword only supported in C++, not C
C:\Program Files (x86)\Microsoft Visual Studio\2019\Community\VC\Tools\MSVC\14.29.30133\include\type_traits(746,59): error C4233: nonstandard extension used: '__is_trivially_constructible' keyword only supported in C++, not C
C:\Program Files (x86)\Microsoft Visual Studio\2019\Community\VC\Tools\MSVC\14.29.30133\include\type_traits(751,21): error C4233: nonstandard extension used: '__is_trivially_constructible' keyword only supported in C++, not C
C:\Program Files (x86)\Microsoft Visual Studio\2019\Community\VC\Tools\MSVC\14.29.30133\include\type_traits(756,64): error C4233: nonstandard extension used: '__is_trivially_constructible' keyword only supported in C++, not C
C:\Program Files (x86)\Microsoft Visual Studio\2019\Community\VC\Tools\MSVC\14.29.30133\include\type_traits(761,59): error C4233: nonstandard extension used: '__is_trivially_constructible' keyword only supported in C++, not C
C:\Program Files (x86)\Microsoft Visual Studio\2019\Community\VC\Tools\MSVC\14.29.30133\include\type_traits(766,67): error C4233: nonstandard extension used: '__is_trivially_constructible' keyword only supported in C++, not C
C:\Program Files (x86)\Microsoft Visual Studio\2019\Community\VC\Tools\MSVC\14.29.30133\include\type_traits(770,56): error C4233: nonstandard extension used: '__is_trivially_constructible' keyword only supported in C++, not C
C:\Program Files (x86)\Microsoft Visual Studio\2019\Community\VC\Tools\MSVC\14.29.30133\include\type_traits(775,64): error C4233: nonstandard extension used: '__is_trivially_constructible' keyword only supported in C++, not C
C:\Program Files (x86)\Microsoft Visual Studio\2019\Community\VC\Tools\MSVC\14.29.30133\include\type_traits(779,48): error C4233: nonstandard extension used: '__is_trivially_assignable' keyword only supported in C++, not C
C:\Program Files (x86)\Microsoft Visual Studio\2019\Community\VC\Tools\MSVC\14.29.30133\include\type_traits(784,56): error C4233: nonstandard extension used: '__is_trivially_assignable' keyword only supported in C++, not C
C:\Program Files (x86)\Microsoft Visual Studio\2019\Community\VC\Tools\MSVC\14.29.30133\include\type_traits(789,21): error C4233: nonstandard extension used: '__is_trivially_assignable' keyword only supported in C++, not C
C:\Program Files (x86)\Microsoft Visual Studio\2019\Community\VC\Tools\MSVC\14.29.30133\include\type_traits(794,61): error C4233: nonstandard extension used: '__is_trivially_assignable' keyword only supported in C++, not C
C:\Program Files (x86)\Microsoft Visual Studio\2019\Community\VC\Tools\MSVC\14.29.30133\include\type_traits(799,53): error C4233: nonstandard extension used: '__is_trivially_assignable' keyword only supported in C++, not C
C:\Program Files (x86)\Microsoft Visual Studio\2019\Community\VC\Tools\MSVC\14.29.30133\include\type_traits(804,61): error C4233: nonstandard extension used: '__is_trivially_assignable' keyword only supported in C++, not C
C:\Program Files (x86)\Microsoft Visual Studio\2019\Community\VC\Tools\MSVC\14.29.30133\include\type_traits(808,50): error C4233: nonstandard extension used: '__is_trivially_destructible' keyword only supported in C++, not C
C:\Program Files (x86)\Microsoft Visual Studio\2019\Community\VC\Tools\MSVC\14.29.30133\include\type_traits(813,58): error C4233: nonstandard extension used: '__is_trivially_destructible' keyword only supported in C++, not C
C:\Program Files (x86)\Microsoft Visual Studio\2019\Community\VC\Tools\MSVC\14.29.30133\include\type_traits(818,49): error C4233: nonstandard extension used: '__is_nothrow_constructible' keyword only supported in C++, not C
C:\Program Files (x86)\Microsoft Visual Studio\2019\Community\VC\Tools\MSVC\14.29.30133\include\type_traits(823,57): error C4233: nonstandard extension used: '__is_nothrow_constructible' keyword only supported in C++, not C
C:\Program Files (x86)\Microsoft Visual Studio\2019\Community\VC\Tools\MSVC\14.29.30133\include\type_traits(828,21): error C4233: nonstandard extension used: '__is_nothrow_constructible' keyword only supported in C++, not C
C:\Program Files (x86)\Microsoft Visual Studio\2019\Community\VC\Tools\MSVC\14.29.30133\include\type_traits(834,62): error C4233: nonstandard extension used: '__is_nothrow_constructible' keyword only supported in C++, not C
C:\Program Files (x86)\Microsoft Visual Studio\2019\Community\VC\Tools\MSVC\14.29.30133\include\type_traits(839,57): error C4233: nonstandard extension used: '__is_nothrow_constructible' keyword only supported in C++, not C
C:\Program Files (x86)\Microsoft Visual Studio\2019\Community\VC\Tools\MSVC\14.29.30133\include\type_traits(844,65): error C4233: nonstandard extension used: '__is_nothrow_constructible' keyword only supported in C++, not C
C:\Program Files (x86)\Microsoft Visual Studio\2019\Community\VC\Tools\MSVC\14.29.30133\include\type_traits(848,54): error C4233: nonstandard extension used: '__is_nothrow_constructible' keyword only supported in C++, not C
C:\Program Files (x86)\Microsoft Visual Studio\2019\Community\VC\Tools\MSVC\14.29.30133\include\type_traits(853,62): error C4233: nonstandard extension used: '__is_nothrow_constructible' keyword only supported in C++, not C
C:\Program Files (x86)\Microsoft Visual Studio\2019\Community\VC\Tools\MSVC\14.29.30133\include\type_traits(857,46): error C4233: nonstandard extension used: '__is_nothrow_assignable' keyword only supported in C++, not C
C:\Program Files (x86)\Microsoft Visual Studio\2019\Community\VC\Tools\MSVC\14.29.30133\include\type_traits(862,54): error C4233: nonstandard extension used: '__is_nothrow_assignable' keyword only supported in C++, not C
C:\Program Files (x86)\Microsoft Visual Studio\2019\Community\VC\Tools\MSVC\14.29.30133\include\type_traits(867,21): error C4233: nonstandard extension used: '__is_nothrow_assignable' keyword only supported in C++, not C
C:\Program Files (x86)\Microsoft Visual Studio\2019\Community\VC\Tools\MSVC\14.29.30133\include\type_traits(872,59): error C4233: nonstandard extension used: '__is_nothrow_assignable' keyword only supported in C++, not C
C:\Program Files (x86)\Microsoft Visual Studio\2019\Community\VC\Tools\MSVC\14.29.30133\include\type_traits(877,51): error C4233: nonstandard extension used: '__is_nothrow_assignable' keyword only supported in C++, not C
C:\Program Files (x86)\Microsoft Visual Studio\2019\Community\VC\Tools\MSVC\14.29.30133\include\type_traits(882,59): error C4233: nonstandard extension used: '__is_nothrow_assignable' keyword only supported in C++, not C
C:\Program Files (x86)\Microsoft Visual Studio\2019\Community\VC\Tools\MSVC\14.29.30133\include\type_traits(886,48): error C4233: nonstandard extension used: '__is_nothrow_destructible' keyword only supported in C++, not C
C:\Program Files (x86)\Microsoft Visual Studio\2019\Community\VC\Tools\MSVC\14.29.30133\include\type_traits(892,56): error C4233: nonstandard extension used: '__is_nothrow_destructible' keyword only supported in C++, not C
C:\Program Files (x86)\Microsoft Visual Studio\2019\Community\VC\Tools\MSVC\14.29.30133\include\type_traits(1142,18): error C4233: nonstandard extension used: '__underlying_type' keyword only supported in C++, not C
C:\Program Files (x86)\Microsoft Visual Studio\2019\Community\VC\Tools\MSVC\14.29.30133\include\type_traits(1185,35): error C4233: nonstandard extension used: '__is_base_of' keyword only supported in C++, not C
C:\Program Files (x86)\Microsoft Visual Studio\2019\Community\VC\Tools\MSVC\14.29.30133\include\type_traits(1190,43): error C4233: nonstandard extension used: '__is_base_of' keyword only supported in C++, not C
C:\Program Files (x86)\Microsoft Visual Studio\2019\Community\VC\Tools\MSVC\14.29.30133\include\ostream(21,9): warning C4157: pragma was ignored by C compiler
C:\Program Files (x86)\Microsoft Visual Studio\2019\Community\VC\Tools\MSVC\14.29.30133\include\ostream(589,9): warning C4157: pragma was ignored by C compiler
C:\Program Files (x86)\Microsoft Visual Studio\2019\Community\VC\Tools\MSVC\14.29.30133\include\istream(21,9): warning C4157: pragma was ignored by C compiler
C:\Program Files (x86)\Microsoft Visual Studio\2019\Community\VC\Tools\MSVC\14.29.30133\include\istream(675,9): warning C4157: pragma was ignored by C compiler
C:\Users\alfon\Documents\Projects\Worlde Clone\Cordle\Cordle.c(7,1): fatal error C1004: unexpected end-of-file found
